SF:lib/main.dart
DA:10,0
DA:11,0
DA:12,0
DA:13,0
DA:16,0
DA:17,0
DA:22,0
DA:24,0
DA:26,0
DA:27,0
DA:28,0
DA:29,0
LF:12
LH:0
end_of_record
SF:lib/config.dart
DA:10,0
DA:11,0
DA:15,0
DA:19,0
DA:23,0
DA:29,0
DA:30,0
DA:31,0
LF:8
LH:0
end_of_record
SF:lib/firebase_options.dart
DA:18,0
DA:22,0
DA:23,0
DA:25,0
DA:27,0
DA:29,0
DA:30,0
DA:34,0
DA:35,0
DA:40,0
LF:10
LH:0
end_of_record
SF:lib/infrastructure/navigation/bindings/controllers/home.controller.binding.dart
DA:6,0
DA:8,0
DA:9,0
LF:3
LH:0
end_of_record
SF:lib/presentation/home/controllers/home.controller.dart
DA:7,0
DA:9,0
DA:12,0
DA:14,0
DA:17,0
DA:19,0
DA:22,0
LF:7
LH:0
end_of_record
SF:lib/infrastructure/navigation/navigation.dart
DA:12,0
DA:13,0
DA:15,0
DA:16,0
DA:17,0
DA:20,0
DA:21,0
DA:23,0
DA:28,0
DA:29,0
DA:31,0
DA:32,0
LF:12
LH:0
end_of_record
SF:lib/infrastructure/navigation/routes.dart
DA:2,0
LF:1
LH:0
end_of_record
SF:lib/presentation/home/home.screen.dart
DA:8,1
DA:9,0
DA:11,0
DA:12,0
DA:16,0
DA:17,0
DA:19,0
LF:7
LH:1
end_of_record
